mode: atomic
unit-test/internal/handlers/sample/handler.go:27.70,28.16 1 3
unit-test/internal/handlers/sample/handler.go:28.16,30.3 1 1
unit-test/internal/handlers/sample/handler.go:31.2,32.16 2 2
unit-test/internal/handlers/sample/handler.go:32.16,34.3 1 0
unit-test/internal/handlers/sample/handler.go:36.2,41.16 2 2
unit-test/internal/handlers/sample/handler.go:41.16,43.3 1 1
unit-test/internal/handlers/sample/handler.go:44.2,44.18 1 1
unit-test/internal/handlers/sample/handler.go:48.25,48.38 1 2
